

Started GET "/rails/info/properties" for 127.0.0.1 at 2012-01-25 10:22:25 +0100


Started GET "/humans.txt" for 127.0.0.1 at 2012-01-25 10:22:25 +0100

ActionController::RoutingError (No route matches [GET] "/humans.txt"):
  

  Processing by Rails::InfoController#properties as */*
Rendered inline template (33.5ms)
Rendered /Users/germandz/.rvm/gems/ruby-1.9.3-p0@hbs/gems/actionpack-3.1.0/lib/action_dispatch/middleware/templates/rescues/routing_error.erb within rescues/layout (9.2ms)
Completed 200 OK in 62ms (Views: 59.1ms | ActiveRecord: 0.0ms)


Started GET "/humans.txt" for 127.0.0.1 at 2012-01-25 10:22:25 +0100

ActionController::RoutingError (No route matches [GET] "/humans.txt"):
  

Rendered /Users/germandz/.rvm/gems/ruby-1.9.3-p0@hbs/gems/actionpack-3.1.0/lib/action_dispatch/middleware/templates/rescues/routing_error.erb within rescues/layout (0.9ms)


Started GET "/humans.txt" for 127.0.0.1 at 2012-01-25 10:22:26 +0100

ActionController::RoutingError (No route matches [GET] "/humans.txt"):
  

Rendered /Users/germandz/.rvm/gems/ruby-1.9.3-p0@hbs/gems/actionpack-3.1.0/lib/action_dispatch/middleware/templates/rescues/routing_error.erb within rescues/layout (0.7ms)


Started GET "/humans.txt" for 127.0.0.1 at 2012-01-25 10:22:26 +0100

ActionController::RoutingError (No route matches [GET] "/humans.txt"):
  

Rendered /Users/germandz/.rvm/gems/ruby-1.9.3-p0@hbs/gems/actionpack-3.1.0/lib/action_dispatch/middleware/templates/rescues/routing_error.erb within rescues/layout (0.8ms)


Started GET "/humans.txt" for 127.0.0.1 at 2012-01-25 10:22:26 +0100

ActionController::RoutingError (No route matches [GET] "/humans.txt"):
  

Rendered /Users/germandz/.rvm/gems/ruby-1.9.3-p0@hbs/gems/actionpack-3.1.0/lib/action_dispatch/middleware/templates/rescues/routing_error.erb within rescues/layout (0.8ms)


Started GET "/humans.txt" for 127.0.0.1 at 2012-01-25 10:22:26 +0100

ActionController::RoutingError (No route matches [GET] "/humans.txt"):
  

Rendered /Users/germandz/.rvm/gems/ruby-1.9.3-p0@hbs/gems/actionpack-3.1.0/lib/action_dispatch/middleware/templates/rescues/routing_error.erb within rescues/layout (4.1ms)


Started GET "/humans.txt" for 127.0.0.1 at 2012-01-25 10:22:26 +0100

ActionController::RoutingError (No route matches [GET] "/humans.txt"):
  

Rendered /Users/germandz/.rvm/gems/ruby-1.9.3-p0@hbs/gems/actionpack-3.1.0/lib/action_dispatch/middleware/templates/rescues/routing_error.erb within rescues/layout (1.3ms)


Started GET "/humans.txt" for 127.0.0.1 at 2012-01-25 10:22:26 +0100

ActionController::RoutingError (No route matches [GET] "/humans.txt"):
  

Rendered /Users/germandz/.rvm/gems/ruby-1.9.3-p0@hbs/gems/actionpack-3.1.0/lib/action_dispatch/middleware/templates/rescues/routing_error.erb within rescues/layout (2.2ms)
  [1m[36m (0.1ms)[0m  [1mselect sqlite_version(*)[0m
  [1m[35m (2.6ms)[0m  CREATE TABLE "schema_migrations" ("version" varchar(255) NOT NULL) 
  [1m[36m (0.1ms)[0m  [1mPRAGMA index_list("schema_migrations")[0m
  [1m[35m (1.3ms)[0m  CREATE UNIQUE INDEX "unique_schema_migrations" ON "schema_migrations" ("version")
  [1m[36m (0.1ms)[0m  [1mSELECT "schema_migrations"."version" FROM "schema_migrations" [0m
  [1m[36m (0.3ms)[0m  [1mselect sqlite_version(*)[0m
  [1m[35m (0.1ms)[0m  SELECT "schema_migrations"."version" FROM "schema_migrations" 
  [1m[36m (0.1ms)[0m  [1mSELECT "schema_migrations"."version" FROM "schema_migrations" [0m
  [1m[35m (0.0ms)[0m  select sqlite_version(*)
  [1m[36m (2.4ms)[0m  [1mCREATE TABLE "schema_migrations" ("version" varchar(255) NOT NULL) [0m
  [1m[35m (0.1ms)[0m  PRAGMA index_list("schema_migrations")
  [1m[36m (1.5ms)[0m  [1mCREATE UNIQUE INDEX "unique_schema_migrations" ON "schema_migrations" ("version")[0m
  [1m[35m (0.1ms)[0m  SELECT version FROM "schema_migrations"
  [1m[36m (1.8ms)[0m  [1mINSERT INTO "schema_migrations" (version) VALUES ('0')[0m
  [1m[36m (0.1ms)[0m  [1mSELECT "schema_migrations"."version" FROM "schema_migrations" [0m
  [1m[35m (0.0ms)[0m  select sqlite_version(*)
  [1m[36m (2.7ms)[0m  [1mCREATE TABLE "schema_migrations" ("version" varchar(255) NOT NULL) [0m
  [1m[35m (0.1ms)[0m  PRAGMA index_list("schema_migrations")
  [1m[36m (1.7ms)[0m  [1mCREATE UNIQUE INDEX "unique_schema_migrations" ON "schema_migrations" ("version")[0m
  [1m[35m (0.1ms)[0m  SELECT version FROM "schema_migrations"
  [1m[36m (1.3ms)[0m  [1mINSERT INTO "schema_migrations" (version) VALUES ('0')[0m


Started GET "/humans.txt" for 127.0.0.1 at 2012-01-25 10:27:56 +0100

ActionController::RoutingError (No route matches [GET] "/humans.txt"):
  

Rendered /Users/germandz/.rvm/gems/ruby-1.9.3-p0@hbs/gems/actionpack-3.1.0/lib/action_dispatch/middleware/templates/rescues/routing_error.erb within rescues/layout (0.8ms)


Started GET "/assets/rails.png" for 127.0.0.1 at 2012-01-25 10:27:56 +0100
Served asset /rails.png - 200 OK (73ms)


Started GET "/humans.txt" for 127.0.0.1 at 2012-01-25 10:27:56 +0100

ActionController::RoutingError (No route matches [GET] "/humans.txt"):
  

Rendered /Users/germandz/.rvm/gems/ruby-1.9.3-p0@hbs/gems/actionpack-3.1.0/lib/action_dispatch/middleware/templates/rescues/routing_error.erb within rescues/layout (0.7ms)


Started GET "/humans.txt" for 127.0.0.1 at 2012-01-25 10:27:57 +0100

ActionController::RoutingError (No route matches [GET] "/humans.txt"):
  



Started GET "/assets/rails.png" for 127.0.0.1 at 2012-01-25 10:27:57 +0100
Rendered /Users/germandz/.rvm/gems/ruby-1.9.3-p0@hbs/gems/actionpack-3.1.0/lib/action_dispatch/middleware/templates/rescues/routing_error.erb within rescues/layout (0.7ms)
Served asset /rails.png - 304 Not Modified (25ms)


Started GET "/humans.txt" for 127.0.0.1 at 2012-01-25 10:27:57 +0100

ActionController::RoutingError (No route matches [GET] "/humans.txt"):
  

Rendered /Users/germandz/.rvm/gems/ruby-1.9.3-p0@hbs/gems/actionpack-3.1.0/lib/action_dispatch/middleware/templates/rescues/routing_error.erb within rescues/layout (0.7ms)


Started GET "/humans.txt" for 127.0.0.1 at 2012-01-25 10:28:14 +0100


Started GET "/assets/rails.png" for 127.0.0.1 at 2012-01-25 10:28:14 +0100

ActionController::RoutingError (No route matches [GET] "/humans.txt"):
  

Served asset /rails.png - 304 Not Modified (0ms)
Rendered /Users/germandz/.rvm/gems/ruby-1.9.3-p0@hbs/gems/actionpack-3.1.0/lib/action_dispatch/middleware/templates/rescues/routing_error.erb within rescues/layout (1.9ms)


Started GET "/humans.txt" for 127.0.0.1 at 2012-01-25 10:28:14 +0100

ActionController::RoutingError (No route matches [GET] "/humans.txt"):
  

Rendered /Users/germandz/.rvm/gems/ruby-1.9.3-p0@hbs/gems/actionpack-3.1.0/lib/action_dispatch/middleware/templates/rescues/routing_error.erb within rescues/layout (1.6ms)


Started GET "/humans.txt" for 127.0.0.1 at 2012-01-25 10:28:15 +0100

ActionController::RoutingError (No route matches [GET] "/humans.txt"):
  



Started GET "/assets/rails.png" for 127.0.0.1 at 2012-01-25 10:28:15 +0100
Served asset /rails.png - 304 Not Modified (0ms)
Rendered /Users/germandz/.rvm/gems/ruby-1.9.3-p0@hbs/gems/actionpack-3.1.0/lib/action_dispatch/middleware/templates/rescues/routing_error.erb within rescues/layout (0.7ms)


Started GET "/humans.txt" for 127.0.0.1 at 2012-01-25 10:28:15 +0100

ActionController::RoutingError (No route matches [GET] "/humans.txt"):
  

Rendered /Users/germandz/.rvm/gems/ruby-1.9.3-p0@hbs/gems/actionpack-3.1.0/lib/action_dispatch/middleware/templates/rescues/routing_error.erb within rescues/layout (3.8ms)


Started GET "/humans.txt" for 127.0.0.1 at 2012-01-25 10:28:27 +0100


Started GET "/assets/rails.png" for 127.0.0.1 at 2012-01-25 10:28:27 +0100

ActionController::RoutingError (No route matches [GET] "/humans.txt"):
  

Rendered /Users/germandz/.rvm/gems/ruby-1.9.3-p0@hbs/gems/actionpack-3.1.0/lib/action_dispatch/middleware/templates/rescues/routing_error.erb within rescues/layout (4.0ms)
Served asset /rails.png - 304 Not Modified (3ms)


Started GET "/humans.txt" for 127.0.0.1 at 2012-01-25 10:28:28 +0100

ActionController::RoutingError (No route matches [GET] "/humans.txt"):
  

Rendered /Users/germandz/.rvm/gems/ruby-1.9.3-p0@hbs/gems/actionpack-3.1.0/lib/action_dispatch/middleware/templates/rescues/routing_error.erb within rescues/layout (0.7ms)


Started GET "/" for 127.0.0.1 at 2012-01-25 10:28:38 +0100
  Processing by AnimalsController#index as HTML
Rendered animals/index.html.erb within layouts/application (0.6ms)
Compiled application.css  (1ms)  (pid 28510)
Compiled animals.css  (37ms)  (pid 28510)
Compiled application.js  (22ms)  (pid 28510)
Compiled jquery.js  (2ms)  (pid 28510)
Compiled jquery_ujs.js  (0ms)  (pid 28510)
Completed 200 OK in 259ms (Views: 258.3ms | ActiveRecord: 0.0ms)


Started GET "/assets/animals.css?body=1" for 127.0.0.1 at 2012-01-25 10:28:38 +0100


Started GET "/assets/application.css?body=1" for 127.0.0.1 at 2012-01-25 10:28:38 +0100
Served asset /application.css - 200 OK (8ms)
Served asset /animals.css - 200 OK (12ms)


Started GET "/assets/jquery_ujs.js?body=1" for 127.0.0.1 at 2012-01-25 10:28:38 +0100


Started GET "/assets/jquery.js?body=1" for 127.0.0.1 at 2012-01-25 10:28:38 +0100
Served asset /jquery_ujs.js - 200 OK (3ms)


Started GET "/assets/application.js?body=1" for 127.0.0.1 at 2012-01-25 10:28:38 +0100
Served asset /jquery.js - 200 OK (24ms)
Served asset /application.js - 200 OK (20ms)


Started GET "/humans.txt" for 127.0.0.1 at 2012-01-25 10:28:38 +0100

ActionController::RoutingError (No route matches [GET] "/humans.txt"):
  

Rendered /Users/germandz/.rvm/gems/ruby-1.9.3-p0@hbs/gems/actionpack-3.1.0/lib/action_dispatch/middleware/templates/rescues/routing_error.erb within rescues/layout (0.7ms)


Started GET "/humans.txt" for 127.0.0.1 at 2012-01-25 10:28:38 +0100

ActionController::RoutingError (No route matches [GET] "/humans.txt"):
  

Rendered /Users/germandz/.rvm/gems/ruby-1.9.3-p0@hbs/gems/actionpack-3.1.0/lib/action_dispatch/middleware/templates/rescues/routing_error.erb within rescues/layout (0.7ms)
